<?xml version="1.0" encoding="UTF-8"?>
<!-- Generated by org.testng.reporters.JUnitReportReporter -->
<testsuite skipped="1" hostname="DESKTOP-84KGOP9" name="com.selenium.facebook.pom.testfire.FeedbackTest" tests="2" failures="0" timestamp="19 Jan 2019 08:14:56 GMT" time="21.881" errors="0">
  <testcase name="provideFeedback" time="19.621" classname="com.selenium.facebook.pom.testfire.FeedbackTest"/>
  <testcase name="provideFeedback" time="2.260" classname="com.selenium.facebook.pom.testfire.FeedbackTest">
    <skipped/>
  </testcase> <!-- provideFeedback -->
</testsuite> <!-- com.selenium.facebook.pom.testfire.FeedbackTest -->
