<?xml version="1.0" encoding="UTF-8"?>
<!-- Generated by org.testng.reporters.JUnitReportReporter -->
<testsuite skipped="0" hostname="DESKTOP-84KGOP9" name="com.selenium.facebook.pom.testfire.LoginTest" tests="1" failures="0" timestamp="19 Jan 2019 08:14:56 GMT" time="40.547" errors="0">
  <testcase name="doLogin" time="40.547" classname="com.selenium.facebook.pom.testfire.LoginTest"/>
</testsuite> <!-- com.selenium.facebook.pom.testfire.LoginTest -->
