<?xml version="1.0" encoding="UTF-8"?>
<!-- Generated by org.testng.reporters.JUnitReportReporter -->
<testsuite skipped="1" hostname="DESKTOP-84KGOP9" name="com.qtpselenium.facebook.pom.testcases.ProfileTest" tests="1" failures="0" timestamp="18 Dec 2018 10:40:06 GMT" time="0.080" errors="0">
  <testcase name="testProfile" time="0.080" classname="com.qtpselenium.facebook.pom.testcases.ProfileTest">
    <skipped/>
  </testcase> <!-- testProfile -->
</testsuite> <!-- com.qtpselenium.facebook.pom.testcases.ProfileTest -->
