<?xml version="1.0" encoding="UTF-8"?>
<!-- Generated by org.testng.reporters.JUnitReportReporter -->
<testsuite skipped="0" hostname="DESKTOP-84KGOP9" name="com.qtpselenium.facebook.pom.gmailsuite.GmailLogin" tests="2" failures="0" timestamp="18 Jan 2019 12:40:10 GMT" time="1.240" errors="0">
  <testcase name="GmailLogin" time="0.424" classname="com.qtpselenium.facebook.pom.gmailsuite.GmailLogin"/>
  <testcase name="GmailLogin" time="0.816" classname="com.qtpselenium.facebook.pom.gmailsuite.GmailLogin"/>
</testsuite> <!-- com.qtpselenium.facebook.pom.gmailsuite.GmailLogin -->
