<?xml version="1.0" encoding="UTF-8"?>
<!-- Generated by org.testng.reporters.JUnitReportReporter -->
<testsuite skipped="1" hostname="DESKTOP-84KGOP9" name="com.qtpselenium.facebook.pom.testfire.FeedbackTest" tests="2" failures="0" timestamp="18 Jan 2019 12:40:10 GMT" time="16.990" errors="0">
  <testcase name="provideFeedback" time="1.716" classname="com.qtpselenium.facebook.pom.testfire.FeedbackTest">
    <skipped/>
  </testcase> <!-- provideFeedback -->
  <testcase name="provideFeedback" time="15.274" classname="com.qtpselenium.facebook.pom.testfire.FeedbackTest"/>
</testsuite> <!-- com.qtpselenium.facebook.pom.testfire.FeedbackTest -->
