<?xml version="1.0" encoding="UTF-8"?>
<!-- Generated by org.testng.reporters.JUnitReportReporter -->
<testsuite skipped="2" hostname="DESKTOP-84KGOP9" name="com.qtpselenium.facebook.pom.testcases.LoginTest" tests="2" failures="0" timestamp="18 Dec 2018 10:40:06 GMT" time="1.020" errors="0">
  <testcase name="doLogin" time="0.825" classname="com.qtpselenium.facebook.pom.testcases.LoginTest">
    <skipped/>
  </testcase> <!-- doLogin -->
  <testcase name="doLogin" time="0.195" classname="com.qtpselenium.facebook.pom.testcases.LoginTest">
    <skipped/>
  </testcase> <!-- doLogin -->
</testsuite> <!-- com.qtpselenium.facebook.pom.testcases.LoginTest -->
