<?xml version="1.0" encoding="UTF-8"?>
<!-- Generated by org.testng.reporters.JUnitReportReporter -->
<testsuite skipped="0" hostname="DESKTOP-84KGOP9" name="com.selenium.facebook.pom.gmailsuite.GmailLogin" tests="2" failures="0" timestamp="19 Jan 2019 08:14:56 GMT" time="1.297" errors="0">
  <testcase name="GmailLogin" time="1.050" classname="com.selenium.facebook.pom.gmailsuite.GmailLogin"/>
  <testcase name="GmailLogin" time="0.247" classname="com.selenium.facebook.pom.gmailsuite.GmailLogin"/>
</testsuite> <!-- com.selenium.facebook.pom.gmailsuite.GmailLogin -->
