<?xml version="1.0" encoding="UTF-8"?>
<!-- Generated by org.testng.reporters.JUnitReportReporter -->
<testsuite skipped="1" hostname="DESKTOP-84KGOP9" name="com.qtpselenium.facebook.pom.testcases.ChangePasswordTest" tests="2" failures="0" timestamp="18 Dec 2018 10:40:06 GMT" time="0.413" errors="0">
  <testcase name="ChangePasswordTest" time="0.163" classname="com.qtpselenium.facebook.pom.testcases.ChangePasswordTest">
    <skipped/>
  </testcase> <!-- ChangePasswordTest -->
  <testcase name="ResetPasswordTest" time="0.250" classname="com.qtpselenium.facebook.pom.testcases.ChangePasswordTest"/>
</testsuite> <!-- com.qtpselenium.facebook.pom.testcases.ChangePasswordTest -->
