<?xml version="1.0" encoding="UTF-8"?>
<!-- Generated by org.testng.reporters.JUnitReportReporter -->
<testsuite skipped="0" hostname="DESKTOP-84KGOP9" name="com.qtpselenium.facebook.pom.testfire.LoginTest" tests="1" failures="0" timestamp="18 Jan 2019 12:40:10 GMT" time="37.590" errors="0">
  <testcase name="doLogin" time="37.590" classname="com.qtpselenium.facebook.pom.testfire.LoginTest"/>
</testsuite> <!-- com.qtpselenium.facebook.pom.testfire.LoginTest -->
